{"contracts\\Bridge.sol":{"l":{"18":90,"19":90,"20":90,"21":90,"30":1,"34":1,"38":32,"42":3,"44":3,"45":2,"46":2,"48":2,"52":4,"54":4,"55":3,"56":3,"58":3,"59":2,"60":2,"62":2,"66":11,"67":9,"71":9,"72":7},"path":"C:\\Users\\Владислав\\Desktop\\TokenBridge\\contracts\\Bridge.sol","s":{"1":90,"2":90,"3":90,"4":90,"5":1,"6":1,"7":32,"8":3,"9":3,"10":2,"11":2,"12":2,"13":4,"14":4,"15":3,"16":3,"17":3,"18":2,"19":2,"20":2,"21":11,"22":9},"b":{"1":[2,1],"2":[3,1],"3":[2,1],"4":[9,2],"5":[7,2]},"f":{"1":90,"2":1,"3":1,"4":32,"5":3,"6":4,"7":11,"8":9},"fnMap":{"1":{"name":"constructor","line":17,"loc":{"start":{"line":17,"column":4},"end":{"line":22,"column":4}}},"2":{"name":"updateTokenAddress","line":29,"loc":{"start":{"line":29,"column":4},"end":{"line":31,"column":4}}},"3":{"name":"updateChainId","line":33,"loc":{"start":{"line":33,"column":4},"end":{"line":35,"column":4}}},"4":{"name":"setChainId","line":37,"loc":{"start":{"line":37,"column":4},"end":{"line":39,"column":4}}},"5":{"name":"initSwap","line":41,"loc":{"start":{"line":41,"column":4},"end":{"line":49,"column":4}}},"6":{"name":"redeem","line":51,"loc":{"start":{"line":51,"column":4},"end":{"line":63,"column":4}}},"7":{"name":"onlyChainId","line":65,"loc":{"start":{"line":65,"column":4},"end":{"line":68,"column":4}}},"8":{"name":"onlyAllowedChainId","line":70,"loc":{"start":{"line":70,"column":4},"end":{"line":73,"column":4}}}},"statementMap":{"1":{"start":{"line":18,"column":8},"end":{"line":18,"column":39}},"2":{"start":{"line":19,"column":8},"end":{"line":19,"column":25}},"3":{"start":{"line":20,"column":8},"end":{"line":20,"column":36}},"4":{"start":{"line":21,"column":8},"end":{"line":21,"column":38}},"5":{"start":{"line":30,"column":8},"end":{"line":30,"column":39}},"6":{"start":{"line":34,"column":8},"end":{"line":34,"column":25}},"7":{"start":{"line":38,"column":8},"end":{"line":38,"column":37}},"8":{"start":{"line":42,"column":8},"end":{"line":42,"column":107}},"9":{"start":{"line":44,"column":8},"end":{"line":44,"column":72}},"10":{"start":{"line":45,"column":8},"end":{"line":45,"column":32}},"11":{"start":{"line":46,"column":8},"end":{"line":46,"column":54}},"12":{"start":{"line":48,"column":8},"end":{"line":48,"column":97}},"13":{"start":{"line":52,"column":8},"end":{"line":52,"column":104}},"14":{"start":{"line":54,"column":8},"end":{"line":54,"column":72}},"15":{"start":{"line":55,"column":8},"end":{"line":55,"column":63}},"16":{"start":{"line":56,"column":8},"end":{"line":56,"column":65}},"17":{"start":{"line":58,"column":8},"end":{"line":58,"column":64}},"18":{"start":{"line":59,"column":8},"end":{"line":59,"column":54}},"19":{"start":{"line":60,"column":8},"end":{"line":60,"column":34}},"20":{"start":{"line":62,"column":8},"end":{"line":62,"column":79}},"21":{"start":{"line":66,"column":8},"end":{"line":66,"column":52}},"22":{"start":{"line":71,"column":8},"end":{"line":71,"column":70}}},"branchMap":{"1":{"line":44,"type":"if","locations":[{"start":{"line":44,"column":8},"end":{"line":44,"column":8}},{"start":{"line":44,"column":8},"end":{"line":44,"column":8}}]},"2":{"line":54,"type":"if","locations":[{"start":{"line":54,"column":8},"end":{"line":54,"column":8}},{"start":{"line":54,"column":8},"end":{"line":54,"column":8}}]},"3":{"line":58,"type":"if","locations":[{"start":{"line":58,"column":8},"end":{"line":58,"column":8}},{"start":{"line":58,"column":8},"end":{"line":58,"column":8}}]},"4":{"line":66,"type":"if","locations":[{"start":{"line":66,"column":8},"end":{"line":66,"column":8}},{"start":{"line":66,"column":8},"end":{"line":66,"column":8}}]},"5":{"line":71,"type":"if","locations":[{"start":{"line":71,"column":8},"end":{"line":71,"column":8}},{"start":{"line":71,"column":8},"end":{"line":71,"column":8}}]}}},"contracts\\ERC20.sol":{"l":{"12":90,"13":90,"14":90,"15":90,"19":17,"23":2},"path":"C:\\Users\\Владислав\\Desktop\\TokenBridge\\contracts\\ERC20.sol","s":{"1":90,"2":90,"3":90,"4":90,"5":17,"6":2},"b":{},"f":{"1":90,"2":17,"3":2},"fnMap":{"1":{"name":"constructor","line":11,"loc":{"start":{"line":11,"column":4},"end":{"line":16,"column":4}}},"2":{"name":"mint","line":18,"loc":{"start":{"line":18,"column":4},"end":{"line":20,"column":4}}},"3":{"name":"burn","line":22,"loc":{"start":{"line":22,"column":4},"end":{"line":24,"column":4}}}},"statementMap":{"1":{"start":{"line":12,"column":8},"end":{"line":12,"column":61}},"2":{"start":{"line":13,"column":8},"end":{"line":13,"column":36}},"3":{"start":{"line":14,"column":8},"end":{"line":14,"column":35}},"4":{"start":{"line":15,"column":8},"end":{"line":15,"column":35}},"5":{"start":{"line":19,"column":8},"end":{"line":19,"column":25}},"6":{"start":{"line":23,"column":8},"end":{"line":23,"column":27}}},"branchMap":{}}}